<?xml version="1.0" encoding="UTF-8"?>
<testsuite xmlns:xsi="http://www.w3.org/2001/XMLSchema-instance" xsi:noNamespaceSchemaLocation="https://maven.apache.org/surefire/maven-surefire-plugin/xsd/surefire-test-report.xsd" name="TestSuite" time="4.942" tests="2" errors="0" skipped="1" failures="1">
  <properties>
[...]
</properties>
  <testcase name="loginTrue" classname="com.course.cases.loginTest" time="2.771">
    <failure message="Connect to localhost:8888 [localhost/127.0.0.1, localhost/0:0:0:0:0:0:0:1] failed: Connection refused: connect" type="org.apache.http.conn.HttpHostConnectException">org.apache.http.conn.HttpHostConnectException: Connect to localhost:8888 [localhost/127.0.0.1, localhost/0:0:0:0:0:0:0:1] failed: Connection refused: connect
	at com.course.cases.loginTest.getResult(loginTest.java:72)
	at com.course.cases.loginTest.loginTrue(loginTest.java:49)
Caused by: java.net.ConnectException: Connection refused: connect
	at com.course.cases.loginTest.getResult(loginTest.java:72)
	at com.course.cases.loginTest.loginTrue(loginTest.java:49)
</failure>
    <system-out><![CDATA[[TestNGContentHandler] [WARN] It is strongly recommended to add "<!DOCTYPE suite SYSTEM "http://testng.org/testng-1.0.dtd" >" at the top of your file, otherwise TestNG may fail or not work as expected.
LoginCase(id=1, userName=zhangsan, password=123456, expected=true)
http://localhost:8888/v1/login
]]></system-out>
  </testcase>
  <testcase name="getUserListInfo" classname="com.course.cases.GetUserInfoListTest" time="0">
    <skipped message="Method GetUserInfoListTest.getUserListInfo()[pri:0, instance:com.course.cases.GetUserInfoListTest@380fb434] depends on not successfully finished methods in group &quot;loginTrue&quot;"/>
  </testcase>
</testsuite>